<?xml version="1.0" encoding="UTF-8"?>
<testsuite xmlns:xsi="http://www.w3.org/2001/XMLSchema-instance" xsi:noNamespaceSchemaLocation="https://maven.apache.org/surefire/maven-surefire-plugin/xsd/surefire-test-report-3.0.xsd" version="3.0" name="com.practica.spring_mongodo_docker.SpringMongodoDockerApplicationTests" time="4.954" tests="1" errors="0" skipped="0" failures="0">
  <properties>
[...]
</properties>
  <testcase name="contextLoads" classname="com.practica.spring_mongodo_docker.SpringMongodoDockerApplicationTests" time="1.153">
    <system-out><![CDATA[11:33:12.532 [main] INFO org.springframework.test.context.support.AnnotationConfigContextLoaderUtils -- Could not detect default configuration classes for test class [com.practica.spring_mongodo_docker.SpringMongodoDockerApplicationTests]: SpringMongodoDockerApplicationTests does not declare any static, non-private, non-final, nested classes annotated with @Configuration.
11:33:12.692 [main] INFO org.springframework.boot.test.context.SpringBootTestContextBootstrapper -- Found @SpringBootConfiguration com.practica.spring_mongodo_docker.SpringMongodoDockerApplication for test class com.practica.spring_mongodo_docker.SpringMongodoDockerApplicationTests
  .   ____          _            __ _ _
 /\\ / ___'_ __ _ _(_)_ __  __ _ \ \ \ \
( ( )\___ | '_ | '_| | '_ \/ _` | \ \ \ \
 \\/  ___)| |_)| | | | | || (_| |  ) ) ) )
  '  |____| .__|_| |_|_| |_\__, | / / / /
 =========|_|==============|___/=/_/_/_/

 :: Spring Boot ::                (v3.3.0)

2024-06-02T11:33:13.407-04:00  INFO 22492 --- [spring-mongodo-docker] [           main] .p.s.SpringMongodoDockerApplicationTests : Starting SpringMongodoDockerApplicationTests using Java 17.0.10 with PID 22492 (started by USUARIO in C:\Proyecto with springboot\spring-mongodo-docker)
2024-06-02T11:33:13.409-04:00  INFO 22492 --- [spring-mongodo-docker] [           main] .p.s.SpringMongodoDockerApplicationTests : No active profile set, falling back to 1 default profile: "default"
2024-06-02T11:33:14.222-04:00  INFO 22492 --- [spring-mongodo-docker] [           main] .s.d.r.c.RepositoryConfigurationDelegate : Bootstrapping Spring Data MongoDB repositories in DEFAULT mode.
2024-06-02T11:33:14.288-04:00  INFO 22492 --- [spring-mongodo-docker] [           main] .s.d.r.c.RepositoryConfigurationDelegate : Finished Spring Data repository scanning in 60 ms. Found 1 MongoDB repository interface.
2024-06-02T11:33:14.999-04:00  INFO 22492 --- [spring-mongodo-docker] [           main] org.mongodb.driver.client                : MongoClient with metadata {"driver": {"name": "mongo-java-driver|sync|spring-boot", "version": "5.0.1"}, "os": {"type": "Windows", "name": "Windows 10", "architecture": "amd64", "version": "10.0"}, "platform": "Java/Oracle Corporation/17.0.10+11-LTS-240"} created with settings MongoClientSettings{readPreference=primary, writeConcern=WriteConcern{w=null, wTimeout=null ms, journal=null}, retryWrites=true, retryReads=true, readConcern=ReadConcern{level=null}, credential=null, transportSettings=null, commandListeners=[], codecRegistry=ProvidersCodecRegistry{codecProviders=[ValueCodecProvider{}, BsonValueCodecProvider{}, DBRefCodecProvider{}, DBObjectCodecProvider{}, DocumentCodecProvider{}, CollectionCodecProvider{}, IterableCodecProvider{}, MapCodecProvider{}, GeoJsonCodecProvider{}, GridFSFileCodecProvider{}, Jsr310CodecProvider{}, JsonObjectCodecProvider{}, BsonCodecProvider{}, EnumCodecProvider{}, com.mongodb.client.model.mql.ExpressionCodecProvider@1ddc6db2, com.mongodb.Jep395RecordCodecProvider@3cd26422, com.mongodb.KotlinCodecProvider@2eda072]}, loggerSettings=LoggerSettings{maxDocumentLength=1000}, clusterSettings={hosts=[gestiondb:27017], srvServiceName=mongodb, mode=SINGLE, requiredClusterType=UNKNOWN, requiredReplicaSetName='null', serverSelector='null', clusterListeners='[]', serverSelectionTimeout='30000 ms', localThreshold='15 ms'}, socketSettings=SocketSettings{connectTimeoutMS=10000, readTimeoutMS=0, receiveBufferSize=0, proxySettings=ProxySettings{host=null, port=null, username=null, password=null}}, heartbeatSocketSettings=SocketSettings{connectTimeoutMS=10000, readTimeoutMS=10000, receiveBufferSize=0, proxySettings=ProxySettings{host=null, port=null, username=null, password=null}}, connectionPoolSettings=ConnectionPoolSettings{maxSize=100, minSize=0, maxWaitTimeMS=120000, maxConnectionLifeTimeMS=0, maxConnectionIdleTimeMS=0, maintenanceInitialDelayMS=0, maintenanceFrequencyMS=60000, connectionPoolListeners=[], maxConnecting=2}, serverSettings=ServerSettings{heartbeatFrequencyMS=10000, minHeartbeatFrequencyMS=500, serverListeners='[]', serverMonitorListeners='[]'}, sslSettings=SslSettings{enabled=false, invalidHostNameAllowed=false, context=null}, applicationName='null', compressorList=[], uuidRepresentation=JAVA_LEGACY, serverApi=null, autoEncryptionSettings=null, dnsClient=null, inetAddressResolver=null, contextProvider=null}
2024-06-02T11:33:16.071-04:00  INFO 22492 --- [spring-mongodo-docker] [           main] .p.s.SpringMongodoDockerApplicationTests : Started SpringMongodoDockerApplicationTests in 3.086 seconds (process running for 4.506)
]]></system-out>
  </testcase>
</testsuite>